Crashlog created at 2019-08-08 19:20:07 -0300

===== MESSAGE:

Bundler::LockfileError: You must use Bundler 2 or greater with this lockfile.

===== STACK TRACE:

  0. /home/leo/.rvm/rubies/ruby-2.6.3/lib/ruby/2.6.0/bundler/lockfile_parser.rb:108:in `warn_for_outdated_bundler_version'
  1. /home/leo/.rvm/rubies/ruby-2.6.3/lib/ruby/2.6.0/bundler/lockfile_parser.rb:95:in `initialize'
  2. /home/leo/.rvm/rubies/ruby-2.6.3/lib/ruby/2.6.0/bundler/definition.rb:83:in `new'
  3. /home/leo/.rvm/rubies/ruby-2.6.3/lib/ruby/2.6.0/bundler/definition.rb:83:in `initialize'
  4. /home/leo/.rvm/rubies/ruby-2.6.3/lib/ruby/2.6.0/bundler/dsl.rb:234:in `new'
  5. /home/leo/.rvm/rubies/ruby-2.6.3/lib/ruby/2.6.0/bundler/dsl.rb:234:in `to_definition'
  6. /home/leo/.rvm/rubies/ruby-2.6.3/lib/ruby/2.6.0/bundler/dsl.rb:13:in `evaluate'
  7. /home/leo/.rvm/rubies/ruby-2.6.3/lib/ruby/2.6.0/bundler/definition.rb:34:in `build'
  8. /home/leo/.rvm/rubies/ruby-2.6.3/lib/ruby/2.6.0/bundler.rb:135:in `definition'
  9. /home/leo/.rvm/rubies/ruby-2.6.3/lib/ruby/2.6.0/bundler.rb:101:in `setup'
  10. /home/leo/.rvm/rubies/ruby-2.6.3/lib/ruby/2.6.0/bundler.rb:114:in `require'
  11. /home/leo/.rvm/gems/ruby-2.6.3/gems/nanoc-4.11.7/lib/nanoc/cli.rb:129:in `setup_commands'
  12. /home/leo/.rvm/gems/ruby-2.6.3/gems/nanoc-4.11.7/lib/nanoc/cli.rb:95:in `setup'
  13. /home/leo/.rvm/gems/ruby-2.6.3/gems/nanoc-4.11.7/lib/nanoc/cli.rb:63:in `block in run'
  14. /home/leo/.rvm/gems/ruby-2.6.3/gems/nanoc-4.11.7/lib/nanoc/cli/error_handler.rb:15:in `block in handle_while'
  15. /home/leo/.rvm/gems/ruby-2.6.3/gems/nanoc-4.11.7/lib/nanoc/cli/error_handler.rb:57:in `handle_while'
  16. /home/leo/.rvm/gems/ruby-2.6.3/gems/nanoc-4.11.7/lib/nanoc/cli/error_handler.rb:15:in `handle_while'
  17. /home/leo/.rvm/gems/ruby-2.6.3/gems/nanoc-4.11.7/lib/nanoc/cli.rb:62:in `run'
  18. /home/leo/.rvm/gems/ruby-2.6.3/gems/nanoc-4.11.7/bin/nanoc:18:in `<top (required)>'
  19. /home/leo/.rvm/gems/ruby-2.6.3/bin/nanoc:23:in `load'
  20. /home/leo/.rvm/gems/ruby-2.6.3/bin/nanoc:23:in `<main>'
  21. /home/leo/.rvm/gems/ruby-2.6.3/bin/ruby_executable_hooks:24:in `eval'

===== VERSION INFORMATION:

Nanoc 4.11.7 © 2007–2019 Denis Defreyne.
Running ruby 2.6.3 (2019-04-16) on x86_64-linux with RubyGems 3.0.3.

===== SYSTEM INFORMATION:

Linux leo-msi 5.0.0-23-generic #24-Ubuntu SMP Mon Jul 29 15:36:44 UTC 2019 x86_64 x86_64 x86_64 GNU/Linux

===== INSTALLED GEMS:

  CFPropertyList 3.0.0
  actioncable 6.0.0.rc1
  actionmailbox 6.0.0.rc1
  actionmailer 4.2.11.1, 6.0.0.rc1
  actionpack 4.2.11.1, 6.0.0.rc1
  actiontext 6.0.0.rc1
  actionview 4.2.11.1, 6.0.0.rc1
  activejob 4.2.11.1, 6.0.0.rc1
  activemodel 4.2.11.1, 6.0.0.rc1
  activerecord 4.2.11.1, 6.0.0.rc1
  activeresource 4.0.0
  activestorage 6.0.0.rc1
  activesupport 4.2.11.1, 6.0.0.rc1
  addressable 2.4.0, 2.6.0
  adsf 1.4.2
  anyway_config 1.3.1
  arel 6.0.4
  ast 2.4.0
  avro 1.8.2
  awesome_print 1.6.1, 1.8.0
  aws-eventstream 1.0.3
  aws-partitions 1.165.0
  aws-sdk-core 3.53.0
  aws-sdk-kms 1.21.0
  aws-sdk-s3 1.40.0
  aws-sdk-sns 1.16.0
  aws-sigv4 1.1.0
  beefcake 1.0.0
  bigdecimal 1.4.1, 1.4.2
  bindex 0.7.0
  bootsnap 1.4.4
  brotli 0.2.2
  bson 4.3.0
  bugsnag 5.3.3
  builder 3.2.3
  bundler 1.17.2
  bundler-unload 1.0.2
  byebug 11.0.1
  capybara 2.14.4, 3.22.0
  celluloid 0.17.3
  celluloid-essentials 0.20.5
  celluloid-extras 0.20.5
  celluloid-fsm 0.20.5
  celluloid-pool 0.20.5
  celluloid-supervision 0.20.6
  childprocess 0.7.1, 1.0.1
  ci_reporter 1.9.2
  clockwork 2.0.0
  cmath 1.0.0
  coderay 1.1.0, 1.1.2
  coffee-rails 4.1.1
  coffee-script 2.4.1
  coffee-script-source 1.10.0
  colored 1.2
  colorize 0.8.1
  concurrent-ruby 1.0.1, 1.1.5
  connection_pool 2.2.0
  crack 0.4.3
  crass 1.0.4
  cri 2.15.9
  csv 3.0.9
  daemons 1.2.3
  dalli 2.7.5
  data_uri 0.1.0
  date 2.0.0
  ddmemoize 1.0.0
  ddmetrics 1.0.1
  ddplugin 1.0.2
  devnull 0.1.1
  did_you_mean 1.3.0
  diff-lcs 1.3
  diffy 3.1.0
  docile 1.1.5
  domain_name 0.5.20180417
  e2mmap 0.1.0
  equatable 0.6.1
  erubi 1.8.0
  erubis 2.7.0
  etc 1.0.1
  execjs 2.6.0
  executable-hooks 1.6.0
  faraday 0.9.2
  fcntl 1.0.0
  ffi 1.9.25, 1.11.1
  ffi-compiler 0.1.3
  fiddle 1.0.0
  figaro 1.0.0.rc1
  fileutils 1.1.0
  formatador 0.2.5
  forwardable 1.2.0
  gdbm 2.0.0
  gem-wrappers 1.4.0
  globalid 0.4.2
  google-api-client 0.9.15
  google-protobuf 3.6.1, 3.9.0
  googleauth 0.5.1
  guard 2.12.6, 2.15.0
  guard-compat 1.2.1
  guard-nanoc 2.1.6
  guard-rspec 4.3.1
  guard-rubocop 1.2.0
  haml 4.0.5
  hamster 3.0.0
  hashdiff 0.3.7
  hijri 0.5.0
  hiredis 0.6.1
  hitimes 1.2.6
  http 4.1.1
  http-cookie 1.0.3
  http-form_data 2.1.1
  http_accept_language 2.1.0
  http_parser.rb 0.6.0
  httpclient 2.8.2.4
  hurley 0.2
  i18n 0.9.5, 1.6.0
  io-console 0.4.7
  ipaddr 1.2.2
  irb 1.0.0
  jaro_winkler 1.5.1
  jbuilder 2.9.1
  jmespath 1.4.0
  jquery-rails 3.1.3
  json 2.1.0
  json_schema 0.20.7
  jwt 1.5.4
  libv8 3.16.14.19
  listen 2.9.0, 3.1.5
  litecable 0.5.0
  little-plugger 1.1.4
  logger 1.3.0
  logging 2.1.0
  loofah 2.2.3
  lumberjack 1.0.9, 1.0.13
  m3u8 0.8.2
  mail 2.7.1
  marcel 0.3.3
  matrix 0.1.0
  memoist 0.15.0
  method_source 0.8.2, 0.9.2
  mime-types 3.1
  mime-types-data 3.2016.0521
  mimemagic 0.3.3
  mini_mime 1.0.1
  mini_portile2 2.4.0
  minitest 5.11.3
  mock_redis 0.17.0
  mongo 2.5.1
  mongoid 5.0.0
  mongoid-tree 2.0.0
  msgpack 1.2.10
  multi_json 1.13.1
  multipart-post 2.0.0
  mutex_m 0.1.0
  nanoc 4.11.7
  nanoc-core 4.11.7
  necromancer 0.5.0
  nenv 0.2.0, 0.3.0
  net-telnet 0.2.0
  netaddr 1.5.1
  nio4r 2.3.1
  nokogiri 1.10.3
  notiffany 0.0.6, 0.1.3
  openssl 2.1.2
  origin 2.3.1
  os 0.9.6
  ostruct 0.1.0
  parallel 1.12.1, 1.17.0
  parallel_tests 2.23.0
  parser 2.5.1.2
  pastel 0.7.3
  plist 3.2.0
  power_assert 1.1.3
  powerpack 0.1.2
  prime 0.1.0
  pry 0.10.1, 0.12.2
  pry-rails 0.3.4
  psych 3.1.0
  public_suffix 1.5.1, 3.1.0, 3.1.1
  puma 3.11.4, 3.12.1
  rack 1.6.11, 2.0.7
  rack-protection 1.5.5
  rack-proxy 0.6.5
  rack-test 0.6.3, 1.1.0
  rails 4.2.11.1, 6.0.0.rc1
  rails-deprecated_sanitizer 1.0.3
  rails-dom-testing 1.0.9, 2.0.3
  rails-html-sanitizer 1.0.4
  rails-observers 0.1.2
  railties 4.2.11.1, 6.0.0.rc1
  rainbow 3.0.0
  rake 12.3.2
  rb-fsevent 0.9.5, 0.10.3
  rb-inotify 0.9.5, 0.10.0
  rdoc 6.1.0
  redis 4.0.1
  redis-prescription 1.0.0
  ref 2.0.0
  regexp_parser 1.5.1
  representable 2.3.0
  retriable 2.1.0
  rexml 3.1.9
  rmagick 2.13.3
  rspec 3.4.0
  rspec-core 3.4.4
  rspec-expectations 3.4.0
  rspec-mocks 3.4.1
  rspec-rails 3.4.2
  rspec-sidekiq 3.0.3
  rspec-support 3.4.1
  rspec_junit_formatter 0.3.0
  rss 0.2.7
  rubocop 0.59.1
  rubocop-junit-formatter 0.1.4
  ruby-progressbar 1.10.0
  ruby_dep 1.5.0
  rubygems-bundler 1.4.5
  rubyzip 1.2.2, 1.2.3
  rvm 1.11.3.9
  safe_yaml 1.0.4
  sass 3.4.25, 3.7.4
  sass-listen 4.0.0
  sass-rails 5.0.7
  scanf 1.0.0
  sdbm 1.0.0
  selenium-webdriver 3.4.4, 3.142.3
  shell 0.7
  shellany 0.0.1
  sidekiq 5.1.2
  sidekiq-throttled 0.8.2
  signet 0.7.3
  simplecov 0.15.1
  simplecov-html 0.10.2
  simplecov-json 0.2
  sinatra 1.4.4
  slack-notifier 1.5.1
  slop 3.6.0
  slow_enumerator_tools 1.1.0
  spork 1.0.0rc4
  spring 2.0.2
  spring-watcher-listen 2.0.1
  sprockets 3.7.2
  sprockets-rails 3.2.1
  sqlite3 1.4.1
  statsd-ruby 1.4.0
  streamio-ffmpeg 3.0.2
  stringio 0.0.2
  strscan 1.0.0
  sync 0.5.0
  terminal-table 1.6.0
  test-unit 3.2.9
  therubyracer 0.12.3
  thor 0.20.3
  thread_safe 0.3.6
  thwait 0.1.0
  tilt 1.4.1, 2.0.9
  timers 4.1.1
  tomlrb 1.2.8
  tracer 0.1.0
  tty-color 0.5.0
  tty-command 0.8.2
  tty-cursor 0.7.0
  tty-file 0.8.0
  tty-platform 0.2.1
  tty-prompt 0.19.0
  tty-reader 0.6.0
  tty-screen 0.7.0
  tty-which 0.4.1
  turbolinks 5.2.0
  turbolinks-source 5.2.0
  tzinfo 1.2.5
  uber 0.0.15
  uglifier 2.7.2
  unf 0.1.4
  unf_ext 0.0.7.6
  unicode-display_width 1.4.0
  vcr 4.0.0
  web-console 4.0.0
  webdrivers 4.0.0
  webmock 3.3.0
  webp-ffi 0.2.5
  webpacker 4.0.7
  webrick 1.4.2
  websocket 1.2.8
  websocket-driver 0.7.0
  websocket-extensions 0.1.3
  wisper 2.0.0
  xmlrpc 0.3.0
  xpath 2.1.0, 3.2.0
  yard 0.9.20
  zeitwerk 2.1.6, 2.1.9
  zlib 1.0.0

===== GEMFILE.LOCK:

GEM
  remote: https://rubygems.org/
  specs:
    byebug (11.0.1)
    mini_portile2 (2.4.0)
    nokogiri (1.10.3)
      mini_portile2 (~> 2.4.0)

PLATFORMS
  ruby

DEPENDENCIES
  byebug
  nokogiri

BUNDLED WITH
   2.0.2

===== LOAD PATHS:

  0. /home/leo/.rvm/gems/ruby-2.6.3/gems/ref-2.0.0/lib
  1. /home/leo/.rvm/rubies/ruby-2.6.3/lib/ruby/gems/2.6.0/gems/did_you_mean-1.3.0/lib
  2. /home/leo/.rvm/rubies/ruby-2.6.3/lib/ruby/gems/2.6.0/gems/executable-hooks-1.6.0/lib
  3. /home/leo/.rvm/rubies/ruby-2.6.3/lib/ruby/gems/2.6.0/extensions/x86_64-linux/2.6.0/executable-hooks-1.6.0
  4. /home/leo/.rvm/rubies/ruby-2.6.3/lib/ruby/gems/2.6.0/gems/bundler-unload-1.0.2/lib
  5. /home/leo/.rvm/rubies/ruby-2.6.3/lib/ruby/gems/2.6.0/gems/rubygems-bundler-1.4.5/lib
  6. /home/leo/.rvm/gems/ruby-2.6.3/gems/addressable-2.6.0/lib
  7. /home/leo/.rvm/gems/ruby-2.6.3/gems/colored-1.2/lib
  8. /home/leo/.rvm/gems/ruby-2.6.3/gems/cri-2.15.9/lib
  9. /home/leo/.rvm/gems/ruby-2.6.3/gems/ddmetrics-1.0.1/lib
  10. /home/leo/.rvm/gems/ruby-2.6.3/gems/ref-2.0.0/lib
  11. /home/leo/.rvm/gems/ruby-2.6.3/gems/ddmemoize-1.0.0/lib
  12. /home/leo/.rvm/gems/ruby-2.6.3/gems/ddplugin-1.0.2/lib
  13. /home/leo/.rvm/gems/ruby-2.6.3/gems/hamster-3.0.0/lib
  14. /home/leo/.rvm/gems/ruby-2.6.3/gems/json_schema-0.20.7/lib
  15. /home/leo/.rvm/gems/ruby-2.6.3/gems/slow_enumerator_tools-1.1.0/lib
  16. /home/leo/.rvm/gems/ruby-2.6.3/gems/nanoc-core-4.11.7/lib
  17. /home/leo/.rvm/gems/ruby-2.6.3/gems/tomlrb-1.2.8/lib
  18. /home/leo/.rvm/gems/ruby-2.6.3/gems/equatable-0.6.1/lib
  19. /home/leo/.rvm/gems/ruby-2.6.3/gems/tty-color-0.5.0/lib
  20. /home/leo/.rvm/gems/ruby-2.6.3/gems/pastel-0.7.3/lib
  21. /home/leo/.rvm/gems/ruby-2.6.3/gems/tty-command-0.8.2/lib
  22. /home/leo/.rvm/gems/ruby-2.6.3/gems/necromancer-0.5.0/lib
  23. /home/leo/.rvm/gems/ruby-2.6.3/gems/wisper-2.0.0/lib
  24. /home/leo/.rvm/gems/ruby-2.6.3/gems/tty-screen-0.7.0/lib
  25. /home/leo/.rvm/gems/ruby-2.6.3/gems/tty-cursor-0.7.0/lib
  26. /home/leo/.rvm/gems/ruby-2.6.3/gems/tty-reader-0.6.0/lib
  27. /home/leo/.rvm/gems/ruby-2.6.3/gems/tty-prompt-0.19.0/lib
  28. /home/leo/.rvm/gems/ruby-2.6.3/gems/diff-lcs-1.3/lib
  29. /home/leo/.rvm/gems/ruby-2.6.3/gems/tty-file-0.8.0/lib
  30. /home/leo/.rvm/gems/ruby-2.6.3/gems/tty-platform-0.2.1/lib
  31. /home/leo/.rvm/gems/ruby-2.6.3/gems/tty-which-0.4.1/lib
  32. /home/leo/.rvm/gems/ruby-2.6.3/gems/nanoc-4.11.7/lib
  33. /home/leo/.rvm/gems/ruby-2.6.3/gems/public_suffix-3.1.1/lib
  34. /home/leo/.rvm/gems/ruby-2.6.3/gems/concurrent-ruby-1.1.5/lib
  35. /home/leo/.rvm/gems/ruby-2.6.3/gems/zeitwerk-2.1.9/lib
  36. /home/leo/.rvm/gems/ruby-2.6.3/gems/parallel-1.17.0/lib
  37. /home/leo/.rvm/rubies/ruby-2.6.3/lib/ruby/site_ruby/2.6.0
  38. /home/leo/.rvm/rubies/ruby-2.6.3/lib/ruby/site_ruby/2.6.0/x86_64-linux
  39. /home/leo/.rvm/rubies/ruby-2.6.3/lib/ruby/site_ruby
  40. /home/leo/.rvm/rubies/ruby-2.6.3/lib/ruby/vendor_ruby/2.6.0
  41. /home/leo/.rvm/rubies/ruby-2.6.3/lib/ruby/vendor_ruby/2.6.0/x86_64-linux
  42. /home/leo/.rvm/rubies/ruby-2.6.3/lib/ruby/vendor_ruby
  43. /home/leo/.rvm/rubies/ruby-2.6.3/lib/ruby/2.6.0
  44. /home/leo/.rvm/rubies/ruby-2.6.3/lib/ruby/2.6.0/x86_64-linux
