Crashlog created at 2021-12-16 20:47:35 -0800

===== MESSAGE:

NoMethodError: undefined method `load_command_at' for Nanoc::CLI:Module
Did you mean?  load_commands_at

===== STACK TRACE:

  0. /home/leo/.rvm/gems/ruby-2.7.4/gems/guard-nanoc-2.1.6/lib/guard/nanoc.rb:13:in `live_cmd'
  1. /home/leo/.rvm/gems/ruby-2.7.4/gems/guard-nanoc-2.1.6/lib/guard/nanoc.rb:85:in `block in <top (required)>'
  2. /home/leo/.rvm/gems/ruby-2.7.4/gems/nanoc-cli-4.12.3/lib/nanoc/cli.rb:121:in `each'
  3. /home/leo/.rvm/gems/ruby-2.7.4/gems/nanoc-cli-4.12.3/lib/nanoc/cli.rb:121:in `setup'
  4. /home/leo/.rvm/gems/ruby-2.7.4/gems/nanoc-cli-4.12.3/lib/nanoc/cli.rb:87:in `block in run'
  5. /home/leo/.rvm/gems/ruby-2.7.4/gems/nanoc-cli-4.12.3/lib/nanoc/cli/error_handler.rb:15:in `block in handle_while'
  6. /home/leo/.rvm/gems/ruby-2.7.4/gems/nanoc-cli-4.12.3/lib/nanoc/cli/error_handler.rb:57:in `handle_while'
  7. /home/leo/.rvm/gems/ruby-2.7.4/gems/nanoc-cli-4.12.3/lib/nanoc/cli/error_handler.rb:15:in `handle_while'
  8. /home/leo/.rvm/gems/ruby-2.7.4/gems/nanoc-cli-4.12.3/lib/nanoc/cli.rb:86:in `run'
  9. /home/leo/.rvm/gems/ruby-2.7.4/gems/nanoc-4.12.3/bin/nanoc:18:in `<top (required)>'
  10. /home/leo/.rvm/gems/ruby-2.7.4/bin/nanoc:23:in `load'
  11. /home/leo/.rvm/gems/ruby-2.7.4/bin/nanoc:23:in `<main>'
  12. /home/leo/.rvm/gems/ruby-2.7.4/bin/ruby_executable_hooks:22:in `eval'

===== VERSION INFORMATION:

Nanoc 4.12.3 © 2007–2021 Denis Defreyne.
Running ruby 2.7.4 (2021-07-07) on x86_64-linux with RubyGems 3.1.6.

===== SYSTEM INFORMATION:

Linux leo-msi 5.4.0-91-generic #102-Ubuntu SMP Fri Nov 5 16:31:28 UTC 2021 x86_64 x86_64 x86_64 GNU/Linux

===== INSTALLED GEMS:

  activesupport 7.0.0
  addressable 2.8.0
  adsf 1.4.2
  awesome_print 1.8.0
  bundler 2.1.4
  byebug 11.0.1
  coderay 1.1.2
  colored 1.2
  concurrent-ruby 1.1.9
  cri 2.15.11
  ddmemoize 1.0.0
  ddmetrics 1.0.1
  ddplugin 1.0.3
  diff-lcs 1.4.4
  ffi 1.11.1
  formatador 0.2.5
  guard 2.15.0
  guard-compat 1.2.1
  guard-nanoc 2.1.6
  hamster 3.0.0
  i18n 1.8.2
  json_schema 0.21.0
  listen 3.1.5
  lumberjack 1.0.13
  method_source 0.9.2
  minitest 5.15.0
  nanoc 4.12.3
  nanoc-checking 1.0.1
  nanoc-cli 4.12.3
  nanoc-core 4.12.3
  nanoc-deploying 1.0.1
  nenv 0.3.0
  notiffany 0.1.3
  parallel 1.21.0
  pastel 0.8.0
  pry 0.12.2
  public_suffix 4.0.6
  rack 2.2.3
  rb-fsevent 0.10.3
  rb-inotify 0.10.0
  ref 2.0.0
  ruby_dep 1.5.0
  shellany 0.0.1
  slow_enumerator_tools 1.1.0
  thor 0.20.3
  tty-color 0.6.0
  tty-command 0.10.1
  tty-platform 0.3.0
  tty-which 0.5.0
  tzinfo 2.0.4
  zeitwerk 2.5.1

===== GEMFILE.LOCK:

GEM
  remote: https://rubygems.org/
  specs:
    activesupport (7.0.0)
      concurrent-ruby (~> 1.0, >= 1.0.2)
      i18n (>= 1.6, < 2)
      minitest (>= 5.1)
      tzinfo (~> 2.0)
    addressable (2.8.0)
      public_suffix (>= 2.0.2, < 5.0)
    adsf (1.4.2)
      rack (>= 1.0.0, < 3.0.0)
    awesome_print (1.8.0)
    byebug (11.0.1)
    coderay (1.1.2)
    colored (1.2)
    concurrent-ruby (1.1.9)
    cri (2.15.11)
    ddmemoize (1.0.0)
      ddmetrics (~> 1.0)
      ref (~> 2.0)
    ddmetrics (1.0.1)
    ddplugin (1.0.3)
    diff-lcs (1.4.4)
    ffi (1.11.1)
    formatador (0.2.5)
    guard (2.15.0)
      formatador (>= 0.2.4)
      listen (>= 2.7, < 4.0)
      lumberjack (>= 1.0.12, < 2.0)
      nenv (~> 0.1)
      notiffany (~> 0.0)
      pry (>= 0.9.12)
      shellany (~> 0.0)
      thor (>= 0.18.1)
    guard-compat (1.2.1)
    guard-nanoc (2.1.6)
      guard (~> 2.8)
      guard-compat (~> 1.0)
      nanoc (>= 4.3.8, < 5.0)
    hamster (3.0.0)
      concurrent-ruby (~> 1.0)
    i18n (1.8.2)
      concurrent-ruby (~> 1.0)
    json_schema (0.21.0)
    listen (3.1.5)
      rb-fsevent (~> 0.9, >= 0.9.4)
      rb-inotify (~> 0.9, >= 0.9.7)
      ruby_dep (~> 1.2)
    lumberjack (1.0.13)
    method_source (0.9.2)
    minitest (5.15.0)
    nanoc (4.12.3)
      addressable (~> 2.5)
      colored (~> 1.2)
      nanoc-checking (~> 1.0)
      nanoc-cli (= 4.12.3)
      nanoc-core (= 4.12.3)
      nanoc-deploying (~> 1.0)
      parallel (~> 1.12)
      tty-command (~> 0.8)
      tty-which (~> 0.4)
    nanoc-checking (1.0.1)
      nanoc-cli (~> 4.11, >= 4.11.15)
      nanoc-core (~> 4.11, >= 4.11.15)
    nanoc-cli (4.12.3)
      cri (~> 2.15)
      diff-lcs (~> 1.3)
      nanoc-core (= 4.12.3)
      zeitwerk (~> 2.1)
    nanoc-core (4.12.3)
      concurrent-ruby (~> 1.1)
      ddmemoize (~> 1.0)
      ddmetrics (~> 1.0)
      ddplugin (~> 1.0)
      hamster (~> 3.0)
      json_schema (~> 0.19)
      slow_enumerator_tools (~> 1.0)
      tty-platform (~> 0.2)
      zeitwerk (~> 2.1)
    nanoc-deploying (1.0.1)
      nanoc-checking (~> 1.0)
      nanoc-cli (~> 4.11, >= 4.11.15)
      nanoc-core (~> 4.11, >= 4.11.15)
    nenv (0.3.0)
    notiffany (0.1.3)
      nenv (~> 0.1)
      shellany (~> 0.0)
    parallel (1.21.0)
    pastel (0.8.0)
      tty-color (~> 0.5)
    pry (0.12.2)
      coderay (~> 1.1.0)
      method_source (~> 0.9.0)
    public_suffix (4.0.6)
    rack (2.2.3)
    rb-fsevent (0.10.3)
    rb-inotify (0.10.0)
      ffi (~> 1.0)
    ref (2.0.0)
    ruby_dep (1.5.0)
    shellany (0.0.1)
    slow_enumerator_tools (1.1.0)
    thor (0.20.3)
    tty-color (0.6.0)
    tty-command (0.10.1)
      pastel (~> 0.8)
    tty-platform (0.3.0)
    tty-which (0.5.0)
    tzinfo (2.0.4)
      concurrent-ruby (~> 1.0)
    zeitwerk (2.5.1)

PLATFORMS
  ruby

DEPENDENCIES
  activesupport (>= 6.0.3.1)!
  adsf!
  awesome_print!
  byebug!
  guard!
  guard-nanoc!
  i18n!
  nanoc!

RUBY VERSION
   ruby 2.7.4p191

BUNDLED WITH
   2.1.4

===== LOAD PATHS:

  0. /home/leo/.rvm/gems/ruby-2.7.4/gems/ref-2.0.0/lib
  1. /home/leo/.rvm/gems/ruby-2.7.4/gems/guard-nanoc-2.1.6/lib
  2. /home/leo/.rvm/gems/ruby-2.7.4/gems/nanoc-4.12.3/lib
  3. /home/leo/.rvm/gems/ruby-2.7.4/gems/tty-which-0.5.0/lib
  4. /home/leo/.rvm/gems/ruby-2.7.4/gems/tty-command-0.10.1/lib
  5. /home/leo/.rvm/gems/ruby-2.7.4/gems/pastel-0.8.0/lib
  6. /home/leo/.rvm/gems/ruby-2.7.4/gems/tty-color-0.6.0/lib
  7. /home/leo/.rvm/gems/ruby-2.7.4/gems/parallel-1.21.0/lib
  8. /home/leo/.rvm/gems/ruby-2.7.4/gems/nanoc-deploying-1.0.1/lib
  9. /home/leo/.rvm/gems/ruby-2.7.4/gems/nanoc-checking-1.0.1/lib
  10. /home/leo/.rvm/gems/ruby-2.7.4/gems/nanoc-cli-4.12.3/lib
  11. /home/leo/.rvm/gems/ruby-2.7.4/gems/nanoc-core-4.12.3/lib
  12. /home/leo/.rvm/gems/ruby-2.7.4/gems/zeitwerk-2.5.1/lib
  13. /home/leo/.rvm/gems/ruby-2.7.4/gems/tty-platform-0.3.0/lib
  14. /home/leo/.rvm/gems/ruby-2.7.4/gems/slow_enumerator_tools-1.1.0/lib
  15. /home/leo/.rvm/gems/ruby-2.7.4/gems/json_schema-0.21.0/lib
  16. /home/leo/.rvm/gems/ruby-2.7.4/gems/hamster-3.0.0/lib
  17. /home/leo/.rvm/gems/ruby-2.7.4/gems/guard-compat-1.2.1/lib
  18. /home/leo/.rvm/gems/ruby-2.7.4/gems/guard-2.15.0/lib
  19. /home/leo/.rvm/gems/ruby-2.7.4/gems/thor-0.20.3/lib
  20. /home/leo/.rvm/gems/ruby-2.7.4/gems/pry-0.12.2/lib
  21. /home/leo/.rvm/gems/ruby-2.7.4/gems/method_source-0.9.2/lib
  22. /home/leo/.rvm/gems/ruby-2.7.4/gems/notiffany-0.1.3/lib
  23. /home/leo/.rvm/gems/ruby-2.7.4/gems/shellany-0.0.1/lib
  24. /home/leo/.rvm/gems/ruby-2.7.4/gems/nenv-0.3.0/lib
  25. /home/leo/.rvm/gems/ruby-2.7.4/gems/lumberjack-1.0.13/lib
  26. /home/leo/.rvm/gems/ruby-2.7.4/gems/listen-3.1.5/lib
  27. /home/leo/.rvm/gems/ruby-2.7.4/gems/ruby_dep-1.5.0/lib
  28. /home/leo/.rvm/gems/ruby-2.7.4/gems/rb-inotify-0.10.0/lib
  29. /home/leo/.rvm/gems/ruby-2.7.4/gems/rb-fsevent-0.10.3/lib
  30. /home/leo/.rvm/gems/ruby-2.7.4/gems/formatador-0.2.5/lib
  31. /home/leo/.rvm/gems/ruby-2.7.4/gems/ffi-1.11.1/lib
  32. /home/leo/.rvm/gems/ruby-2.7.4/extensions/x86_64-linux/2.7.0/ffi-1.11.1
  33. /home/leo/.rvm/gems/ruby-2.7.4/gems/diff-lcs-1.4.4/lib
  34. /home/leo/.rvm/gems/ruby-2.7.4/gems/ddplugin-1.0.3/lib
  35. /home/leo/.rvm/gems/ruby-2.7.4/gems/ddmemoize-1.0.0/lib
  36. /home/leo/.rvm/gems/ruby-2.7.4/gems/ref-2.0.0/lib
  37. /home/leo/.rvm/gems/ruby-2.7.4/gems/ddmetrics-1.0.1/lib
  38. /home/leo/.rvm/gems/ruby-2.7.4/gems/cri-2.15.11/lib
  39. /home/leo/.rvm/gems/ruby-2.7.4/gems/colored-1.2/lib
  40. /home/leo/.rvm/gems/ruby-2.7.4/gems/coderay-1.1.2/lib
  41. /home/leo/.rvm/gems/ruby-2.7.4/gems/byebug-11.0.1/lib
  42. /home/leo/.rvm/gems/ruby-2.7.4/extensions/x86_64-linux/2.7.0/byebug-11.0.1
  43. /home/leo/.rvm/rubies/ruby-2.7.4/lib/ruby/gems/2.7.0/gems/bundler-2.1.4/lib
  44. /home/leo/.rvm/gems/ruby-2.7.4/gems/awesome_print-1.8.0/lib
  45. /home/leo/.rvm/gems/ruby-2.7.4/gems/adsf-1.4.2/lib
  46. /home/leo/.rvm/gems/ruby-2.7.4/gems/rack-2.2.3/lib
  47. /home/leo/.rvm/gems/ruby-2.7.4/gems/addressable-2.8.0/lib
  48. /home/leo/.rvm/gems/ruby-2.7.4/gems/public_suffix-4.0.6/lib
  49. /home/leo/.rvm/gems/ruby-2.7.4/gems/activesupport-7.0.0/lib
  50. /home/leo/.rvm/gems/ruby-2.7.4/gems/tzinfo-2.0.4/lib
  51. /home/leo/.rvm/gems/ruby-2.7.4/gems/minitest-5.15.0/lib
  52. /home/leo/.rvm/gems/ruby-2.7.4/gems/i18n-1.8.2/lib
  53. /home/leo/.rvm/gems/ruby-2.7.4/gems/concurrent-ruby-1.1.9/lib/concurrent-ruby
  54. /home/leo/.rvm/rubies/ruby-2.7.4/lib/ruby/site_ruby/2.7.0
  55. /home/leo/.rvm/rubies/ruby-2.7.4/lib/ruby/site_ruby/2.7.0/x86_64-linux
  56. /home/leo/.rvm/rubies/ruby-2.7.4/lib/ruby/site_ruby
  57. /home/leo/.rvm/rubies/ruby-2.7.4/lib/ruby/vendor_ruby/2.7.0
  58. /home/leo/.rvm/rubies/ruby-2.7.4/lib/ruby/vendor_ruby/2.7.0/x86_64-linux
  59. /home/leo/.rvm/rubies/ruby-2.7.4/lib/ruby/vendor_ruby
  60. /home/leo/.rvm/rubies/ruby-2.7.4/lib/ruby/2.7.0
  61. /home/leo/.rvm/rubies/ruby-2.7.4/lib/ruby/2.7.0/x86_64-linux
